[    0.000000] Initializing cgroup subsys cpuset
[    0.000000] Initializing cgroup subsys cpu
[    0.000000] Initializing cgroup subsys cpuacct
[    0.000000] Linux version 4.4.0-133-generic (buildd@lgw01-amd64-029) (gcc version 5.4.0 20160609 (Ubuntu 5.4.0-6ubuntu1~16.04.10) ) #159-Ubuntu SMP Fri Aug 10 07:31:43 UTC 2018 (Ubuntu 4.4.0-133.159-generic 4.4.134)
[    0.000000] Command line: BOOT_IMAGE=/boot/vmlinuz-4.4.0-133-generic root=UUID=86a66005-05be-4164-9f67-92db034d8e6b ro console=tty1 console=ttyS0
[    0.000000] KERNEL supported cpus:
[    0.000000]   Intel GenuineIntel
[    0.000000]   AMD AuthenticAMD
[    0.000000]   Centaur CentaurHauls
[    0.000000] x86/fpu: xstate_offset[2]:  576, xstate_sizes[2]:  256
[    0.000000] x86/fpu: Supporting XSAVE feature 0x01: 'x87 floating point registers'
[    0.000000] x86/fpu: Supporting XSAVE feature 0x02: 'SSE registers'
[    0.000000] x86/fpu: Supporting XSAVE feature 0x04: 'AVX registers'
[    0.000000] x86/fpu: Enabled xstate features 0x7, context size is 832 bytes, using 'standard' format.
[    0.000000] x86/fpu: Using 'eager' FPU context switches.
[    0.000000] e820: BIOS-provided physical RAM map:
[    0.000000] BIOS-e820: [mem 0x0000000000000000-0x000000000009fbff] usable
[    0.000000] BIOS-e820: [mem 0x000000000009fc00-0x000000000009ffff] reserved
[    0.000000] BIOS-e820: [mem 0x00000000000f0000-0x00000000000fffff] reserved
[    0.000000] BIOS-e820: [mem 0x0000000000100000-0x000000007ffeffff] usable
[    0.000000] BIOS-e820: [mem 0x000000007fff0000-0x000000007fffffff] ACPI data
[    0.000000] BIOS-e820: [mem 0x00000000fec00000-0x00000000fec00fff] reserved
[    0.000000] BIOS-e820: [mem 0x00000000fee00000-0x00000000fee00fff] reserved
[    0.000000] BIOS-e820: [mem 0x00000000fffc0000-0x00000000ffffffff] reserved
[    0.000000] NX (Execute Disable) protection: active
[    0.000000] SMBIOS 2.5 present.
[    0.000000] Hypervisor detected: KVM
[    0.000000] Kernel/User page tables isolation: disabled
[    0.000000] e820: last_pfn = 0x7fff0 max_arch_pfn = 0x400000000
[    0.000000] MTRR: Disabled
[    0.000000] x86/PAT: MTRRs disabled, skipping PAT initialization too.
[    0.000000] CPU MTRRs all blank - virtualized system.
[    0.000000] x86/PAT: Configuration [0-7]: WB  WT  UC- UC  WB  WT  UC- UC  
[    0.000000] found SMP MP-table at [mem 0x0009fff0-0x0009ffff] mapped at [ffff88000009fff0]
[    0.000000] Scanning 1 areas for low memory corruption
[    0.000000] RAMDISK: [mem 0x361ee000-0x370eefff]
[    0.000000] ACPI: Early table checksum verification disabled
[    0.000000] ACPI: RSDP 0x00000000000E0000 000024 (v02 VBOX  )
[    0.000000] ACPI: XSDT 0x000000007FFF0030 00003C (v01 VBOX   VBOXXSDT 00000001 ASL  00000061)
[    0.000000] ACPI: FACP 0x000000007FFF00F0 0000F4 (v04 VBOX   VBOXFACP 00000001 ASL  00000061)
[    0.000000] ACPI: DSDT 0x000000007FFF0470 0021FF (v02 VBOX   VBOXBIOS 00000002 INTL 20100528)
[    0.000000] ACPI: FACS 0x000000007FFF0200 000040
[    0.000000] ACPI: FACS 0x000000007FFF0200 000040
[    0.000000] ACPI: APIC 0x000000007FFF0240 000054 (v02 VBOX   VBOXAPIC 00000001 ASL  00000061)
[    0.000000] ACPI: SSDT 0x000000007FFF02A0 0001CC (v01 VBOX   VBOXCPUT 00000002 INTL 20100528)
[    0.000000] No NUMA configuration found
[    0.000000] Faking a node at [mem 0x0000000000000000-0x000000007ffeffff]
[    0.000000] NODE_DATA(0) allocated [mem 0x7ffeb000-0x7ffeffff]
[    0.000000] kvm-clock: Using msrs 4b564d01 and 4b564d00
[    0.000000] kvm-clock: cpu 0, msr 0:7ffe3001, primary cpu clock
[    0.000000] kvm-clock: using sched offset of 5444537325 cycles
[    0.000000] clocksource: kvm-clock: mask: 0xffffffffffffffff max_cycles: 0x1cd42e4dffb, max_idle_ns: 881590591483 ns
[    0.000000] Zone ranges:
[    0.000000]   DMA      [mem 0x0000000000001000-0x0000000000ffffff]
[    0.000000]   DMA32    [mem 0x0000000001000000-0x000000007ffeffff]
[    0.000000]   Normal   empty
[    0.000000]   Device   empty
[    0.000000] Movable zone start for each node
[    0.000000] Early memory node ranges
[    0.000000]   node   0: [mem 0x0000000000001000-0x000000000009efff]
[    0.000000]   node   0: [mem 0x0000000000100000-0x000000007ffeffff]
[    0.000000] Initmem setup node 0 [mem 0x0000000000001000-0x000000007ffeffff]
[    0.000000] ACPI: PM-Timer IO Port: 0x4008
[    0.000000] IOAPIC[0]: apic_id 1, version 32, address 0xfec00000, GSI 0-23
[    0.000000] ACPI: INT_SRC_OVR (bus 0 bus_irq 0 global_irq 2 dfl dfl)
[    0.000000] ACPI: INT_SRC_OVR (bus 0 bus_irq 9 global_irq 9 low level)
[    0.000000] Using ACPI (MADT) for SMP configuration information
[    0.000000] smpboot: Allowing 1 CPUs, 0 hotplug CPUs
[    0.000000] PM: Registered nosave memory: [mem 0x00000000-0x00000fff]
[    0.000000] PM: Registered nosave memory: [mem 0x0009f000-0x0009ffff]
[    0.000000] PM: Registered nosave memory: [mem 0x000a0000-0x000effff]
[    0.000000] PM: Registered nosave memory: [mem 0x000f0000-0x000fffff]
[    0.000000] e820: [mem 0x80000000-0xfebfffff] available for PCI devices
[    0.000000] Booting paravirtualized kernel on KVM
[    0.000000] clocksource: refined-jiffies: mask: 0xffffffff max_cycles: 0xffffffff, max_idle_ns: 7645519600211568 ns
[    0.000000] setup_percpu: NR_CPUS:512 nr_cpumask_bits:512 nr_cpu_ids:1 nr_node_ids:1
[    0.000000] PERCPU: Embedded 34 pages/cpu @ffff88007fc00000 s99544 r8192 d31528 u2097152
[    0.000000] PV qspinlock hash table entries: 256 (order: 0, 4096 bytes)
[    0.000000] Built 1 zonelists in Node order, mobility grouping on.  Total pages: 515960
[    0.000000] Policy zone: DMA32
[    0.000000] Kernel command line: BOOT_IMAGE=/boot/vmlinuz-4.4.0-133-generic root=UUID=86a66005-05be-4164-9f67-92db034d8e6b ro console=tty1 console=ttyS0
[    0.000000] PID hash table entries: 4096 (order: 3, 32768 bytes)
[    0.000000] Memory: 2029468K/2096696K available (8550K kernel code, 1314K rwdata, 4004K rodata, 1528K init, 1316K bss, 67228K reserved, 0K cma-reserved)
[    0.000000] SLUB: HWalign=64, Order=0-3, MinObjects=0, CPUs=1, Nodes=1
[    0.000000] Hierarchical RCU implementation.
[    0.000000] 	Build-time adjustment of leaf fanout to 64.
[    0.000000] 	RCU restricting CPUs from NR_CPUS=512 to nr_cpu_ids=1.
[    0.000000] RCU: Adjusting geometry for rcu_fanout_leaf=64, nr_cpu_ids=1
[    0.000000] NR_IRQS:33024 nr_irqs:256 16
[    0.000000] Console: colour VGA+ 80x25
[    0.000000] console [tty1] enabled
[    0.000000] console [ttyS0] enabled
[    0.000000] tsc: Detected 1996.269 MHz processor
[    0.512489] Calibrating delay loop (skipped) preset value.. 3992.53 BogoMIPS (lpj=7985076)
[    0.539535] pid_max: default: 32768 minimum: 301
[    0.551207] ACPI: Core revision 20150930
[    0.561609] ACPI: 2 ACPI AML tables successfully acquired and loaded
[    0.564255] Security Framework initialized
[    0.567951] Yama: becoming mindful.
[    0.577450] AppArmor: AppArmor initialized
[    0.602286] Dentry cache hash table entries: 262144 (order: 9, 2097152 bytes)
[    0.627162] Inode-cache hash table entries: 131072 (order: 8, 1048576 bytes)
[    0.693841] Mount-cache hash table entries: 4096 (order: 3, 32768 bytes)
[    0.711145] Mountpoint-cache hash table entries: 4096 (order: 3, 32768 bytes)
[    0.720351] Initializing cgroup subsys io
[    0.736754] Initializing cgroup subsys memory
[    0.754428] Initializing cgroup subsys devices
[    0.763307] Initializing cgroup subsys freezer
[    0.805996] Initializing cgroup subsys net_cls
[    0.814424] Initializing cgroup subsys perf_event
[    0.816213] Initializing cgroup subsys net_prio
[    0.827772] Initializing cgroup subsys hugetlb
[    0.872475] Initializing cgroup subsys pids
[    0.904808] mce: CPU supports 0 MCE banks
[    0.915465] Last level iTLB entries: 4KB 512, 2MB 1024, 4MB 512
[    0.923885] Last level dTLB entries: 4KB 1024, 2MB 1024, 4MB 512, 1GB 0
[    0.926248] Spectre V2 : LFENCE not serializing. Switching to generic retpoline
[    0.942081] Spectre V2 : Mitigation: Full generic retpoline
[    0.953020] Spectre V2 : Speculation control IBPB not-supported IBRS not-supported
[    0.955595] Spectre V2 : Filling RSB on context switch
[    0.961849] Speculative Store Bypass: Mitigation: Speculative Store Bypass disabled via prctl and seccomp
[    0.989731] Freeing SMP alternatives memory: 32K
[    1.013415] ftrace: allocating 32262 entries in 127 pages
[    1.148281] smpboot: APIC(0) Converting physical 0 to logical package 0
[    1.184286] smpboot: Max logical packages: 1
[    1.210715] x2apic enabled
[    1.228037] Switched APIC routing to physical x2apic.
[    1.242010] ..TIMER: vector=0x30 apic1=0 pin1=2 apic2=-1 pin2=-1
[    1.335835] smpboot: CPU0: AMD A10-4655M APU with Radeon(tm) HD Graphics (family: 0x15, model: 0x10, stepping: 0x1)
[    1.340863] Performance Events: Broken PMU hardware detected, using software events only.
[    1.344844] Failed to access perfctr msr (MSR c0010007 is 0)
[    1.347292] KVM setup paravirtual spinlock
[    1.350176] x86: Booted up 1 node, 1 CPUs
[    1.351925] smpboot: Total of 1 processors activated (3992.53 BogoMIPS)
[    1.355313] devtmpfs: initialized
[    1.361293] evm: security.selinux
[    1.363163] evm: security.SMACK64
[    1.364888] evm: security.SMACK64EXEC
[    1.373809] evm: security.SMACK64TRANSMUTE
[    1.376010] evm: security.SMACK64MMAP
[    1.381705] evm: security.ima
[    1.383167] evm: security.capability
[    1.385097] clocksource: jiffies: mask: 0xffffffff max_cycles: 0xffffffff, max_idle_ns: 7645041785100000 ns
[    1.389219] futex hash table entries: 256 (order: 2, 16384 bytes)
[    1.400581] pinctrl core: initialized pinctrl subsystem
[    1.403350] RTC time: 21:04:58, date: 08/20/18
[    1.405853] NET: Registered protocol family 16
[    1.408054] cpuidle: using governor ladder
[    1.409693] cpuidle: using governor menu
[    1.411469] PCCT header not found.
[    1.423656] ACPI: bus type PCI registered
[    1.425458] acpiphp: ACPI Hot Plug PCI Controller Driver version: 0.5
[    1.435894] PCI: Using configuration type 1 for base access
[    1.444202] PCI: Using configuration type 1 for extended access
[    1.448653] ACPI: Added _OSI(Module Device)
[    1.456501] ACPI: Added _OSI(Processor Device)
[    1.467230] ACPI: Added _OSI(3.0 _SCP Extensions)
[    1.494530] ACPI: Added _OSI(Processor Aggregator Device)
[    1.503898] ACPI: Executed 1 blocks of module-level executable AML code
[    1.511788] ACPI: Interpreter enabled
[    1.515027] ACPI: (supports S0 S5)
[    1.529466] ACPI: Using IOAPIC for interrupt routing
[    1.550596] PCI: Using host bridge windows from ACPI; if necessary, use "pci=nocrs" and report a bug
[    1.565758] ACPI: PCI Root Bridge [PCI0] (domain 0000 [bus 00-ff])
[    1.580005] acpi PNP0A03:00: _OSC: OS supports [ExtendedConfig ASPM ClockPM Segments MSI]
[    1.583181] acpi PNP0A03:00: _OSC: OS now controls [PCIeHotplug PME AER PCIeCapability]
[    1.594163] PCI host bridge to bus 0000:00
[    1.604857] pci_bus 0000:00: root bus resource [io  0x0000-0x0cf7 window]
[    1.616548] pci_bus 0000:00: root bus resource [io  0x0d00-0xffff window]
[    1.619261] pci_bus 0000:00: root bus resource [mem 0x000a0000-0x000bffff window]
[    1.622424] pci_bus 0000:00: root bus resource [mem 0x80000000-0xfdffffff window]
[    1.645756] pci_bus 0000:00: root bus resource [bus 00-ff]
[    1.651373] pci 0000:00:01.1: legacy IDE quirk: reg 0x10: [io  0x01f0-0x01f7]
[    1.654242] pci 0000:00:01.1: legacy IDE quirk: reg 0x14: [io  0x03f6]
[    1.675495] pci 0000:00:01.1: legacy IDE quirk: reg 0x18: [io  0x0170-0x0177]
[    1.686959] pci 0000:00:01.1: legacy IDE quirk: reg 0x1c: [io  0x0376]
[    1.755016] pci 0000:00:07.0: quirk: [io  0x4000-0x403f] claimed by PIIX4 ACPI
[    1.766402] pci 0000:00:07.0: quirk: [io  0x4100-0x410f] claimed by PIIX4 SMB
[    1.790312] ACPI: PCI Interrupt Link [LNKA] (IRQs 5 9 10 *11)
[    1.801268] ACPI: PCI Interrupt Link [LNKB] (IRQs 5 9 *10 11)
[    1.833488] ACPI: PCI Interrupt Link [LNKC] (IRQs 5 *9 10 11)
[    1.846930] ACPI: PCI Interrupt Link [LNKD] (IRQs 5 9 10 *11)
[    1.860514] ACPI: Enabled 2 GPEs in block 00 to 07
[    1.869278] vgaarb: setting as boot device: PCI:0000:00:02.0
[    1.871572] vgaarb: device added: PCI:0000:00:02.0,decodes=io+mem,owns=io+mem,locks=none
[    1.885676] vgaarb: loaded
[    1.886932] vgaarb: bridge control possible 0000:00:02.0
[    1.898712] SCSI subsystem initialized
[    1.930524] ACPI: bus type USB registered
[    1.932326] usbcore: registered new interface driver usbfs
[    1.943236] usbcore: registered new interface driver hub
[    1.945220] usbcore: registered new device driver usb
[    1.947372] PCI: Using ACPI for IRQ routing
[    1.952109] NetLabel: Initializing
[    1.953520] NetLabel:  domain hash size = 128
[    1.961393] NetLabel:  protocols = UNLABELED CIPSOv4
[    1.971352] NetLabel:  unlabeled traffic allowed by default
[    1.980378] amd_nb: Cannot enumerate AMD northbridges
[    1.982302] clocksource: Switched to clocksource kvm-clock
[    2.022394] AppArmor: AppArmor Filesystem Enabled
[    2.053903] pnp: PnP ACPI init
[    2.077499] pnp: PnP ACPI: found 3 devices
[    2.093021] clocksource: acpi_pm: mask: 0xffffff max_cycles: 0xffffff, max_idle_ns: 2085701024 ns
[    2.103821] NET: Registered protocol family 2
[    2.113949] TCP established hash table entries: 16384 (order: 5, 131072 bytes)
[    2.125802] TCP bind hash table entries: 16384 (order: 6, 262144 bytes)
[    2.130128] TCP: Hash tables configured (established 16384 bind 16384)
[    2.153557] UDP hash table entries: 1024 (order: 3, 32768 bytes)
[    2.155836] UDP-Lite hash table entries: 1024 (order: 3, 32768 bytes)
[    2.158473] NET: Registered protocol family 1
[    2.160392] pci 0000:00:00.0: Limiting direct PCI/PCI transfers
[    2.162861] pci 0000:00:01.0: Activating ISA DMA hang workarounds
[    2.165258] Unpacking initramfs...
[    2.922970] Freeing initrd memory: 15364K
[    2.937064] platform rtc_cmos: registered platform RTC device (no PNP device found)
[    2.948991] Scanning for low memory corruption every 60 seconds
[    2.951697] audit: initializing netlink subsys (disabled)
[    2.960773] audit: type=2000 audit(1534799106.217:1): initialized
[    2.963347] Initialise system trusted keyring
[    2.977009] HugeTLB registered 2 MB page size, pre-allocated 0 pages
[    2.988886] zbud: loaded
[    3.001323] VFS: Disk quotas dquot_6.6.0
[    3.013976] VFS: Dquot-cache hash table entries: 512 (order 0, 4096 bytes)
[    3.078213] squashfs: version 4.0 (2009/01/31) Phillip Lougher
[    3.088217] fuse init (API version 7.23)
[    3.098135] Key type big_key registered
[    3.119395] Allocating IMA MOK and blacklist keyrings.
[    3.152246] Key type asymmetric registered
[    3.162416] Asymmetric key parser 'x509' registered
[    3.178405] Block layer SCSI generic (bsg) driver version 0.4 loaded (major 249)
[    3.198837] io scheduler noop registered
[    3.208350] io scheduler deadline registered (default)
[    3.219380] io scheduler cfq registered
[    3.239527] pci_hotplug: PCI Hot Plug PCI Core version: 0.5
[    3.249904] pciehp: PCI Express Hot Plug Controller Driver version: 0.4
[    3.252476] ACPI: AC Adapter [AC] (on-line)
[    3.263476] input: Power Button as /devices/LNXSYSTM:00/LNXPWRBN:00/input/input0
[    3.266313] ACPI: Power Button [PWRF]
[    3.270819] input: Sleep Button as /devices/LNXSYSTM:00/LNXSLPBN:00/input/input1
[    3.281921] ACPI: Sleep Button [SLPF]
[    3.294324] GHES: HEST is not enabled!
[    3.305057] Serial: 8250/16550 driver, 32 ports, IRQ sharing enabled
[    3.338521] 00:02: ttyS0 at I/O 0x3f8 (irq = 4, base_baud = 115200) is a 16550A
[    3.352044] Linux agpgart interface v0.103
[    3.372886] loop: module loaded
[    3.375155] scsi host0: ata_piix
[    3.403378] scsi host1: ata_piix
[    3.411339] ata1: PATA max UDMA/33 cmd 0x1f0 ctl 0x3f6 bmdma 0xd000 irq 14
[    3.421097] ata2: PATA max UDMA/33 cmd 0x170 ctl 0x376 bmdma 0xd008 irq 15
[    3.430422] libphy: Fixed MDIO Bus: probed
[    3.432043] tun: Universal TUN/TAP device driver, 1.6
[    3.444825] tun: (C) 1999-2004 Max Krasnyansky <maxk@qualcomm.com>
[    3.456558] PPP generic driver version 2.4.2
[    3.466486] ehci_hcd: USB 2.0 'Enhanced' Host Controller (EHCI) Driver
[    3.489859] ehci-pci: EHCI PCI platform driver
[    3.515229] ehci-platform: EHCI generic platform driver
[    3.525843] ohci_hcd: USB 1.1 'Open' Host Controller (OHCI) Driver
[    3.528861] ohci-pci: OHCI PCI platform driver
[    3.531069] ohci-platform: OHCI generic platform driver
[    3.533292] uhci_hcd: USB Universal Host Controller Interface driver
[    3.536099] i8042: PNP: PS/2 Controller [PNP0303:PS2K,PNP0f03:PS2M] at 0x60,0x64 irq 1,12
[    3.540527] serio: i8042 KBD port at 0x60,0x64 irq 1
[    3.542756] serio: i8042 AUX port at 0x60,0x64 irq 12
[    3.545345] mousedev: PS/2 mouse device common for all mice
[    3.548271] input: AT Translated Set 2 keyboard as /devices/platform/i8042/serio0/input/input2
[    3.552611] rtc_cmos rtc_cmos: rtc core: registered rtc_cmos as rtc0
[    3.556046] rtc_cmos rtc_cmos: alarms up to one day, 114 bytes nvram
[    3.558660] i2c /dev entries driver
[    3.560499] device-mapper: uevent: version 1.0.3
[    3.562630] device-mapper: ioctl: 4.34.0-ioctl (2015-10-28) initialised: dm-devel@redhat.com
[    3.566314] ledtrig-cpu: registered to indicate activity on CPUs
[    3.569759] NET: Registered protocol family 10
[    3.572231] NET: Registered protocol family 17
[    3.574399] Key type dns_resolver registered
[    3.586270] registered taskstats version 1
[    3.588218] Loading compiled-in X.509 certificates
[    3.591648] Loaded X.509 cert 'Build time autogenerated kernel key: 2bd7eec8ea2fedbeeda78e0b663eb647cf617c40'
[    3.595886] zswap: loaded using pool lzo/zbud
[    3.600175] Key type trusted registered
[    3.606352] Key type encrypted registered
[    3.610102] AppArmor: AppArmor sha1 policy hashing enabled
[    3.612773] ima: No TPM chip found, activating TPM-bypass!
[    3.615527] ima: Allocated hash algorithm: sha1
[    3.626630] evm: HMAC attrs: 0x1
[    3.628889]   Magic number: 14:257:96
[    3.630855] rtc_cmos rtc_cmos: setting system clock to 2018-08-20 21:05:01 UTC (1534799101)
[    3.634611] BIOS EDD facility v0.16 2004-Jun-25, 0 devices found
[    3.637026] EDD information not available.
[    3.641322] Freeing unused kernel memory: 1528K
[    3.654354] Write protecting the kernel read-only data: 14336k
[    3.682279] Freeing unused kernel memory: 1676K
[    3.684380] Freeing unused kernel memory: 92K
Loading, please [    3.719245] random: systemd-udevd: uninitialized urandom read (16 bytes read, 3 bits of entropy available)
wait...
startin[    3.747991] random: udevadm: uninitialized urandom read (16 bytes read, 3 bits of entropy available)
g version 229
[    3.766349] random: udevadm: uninitialized urandom read (16 bytes read, 3 bits of entropy available)
[    3.785537] random: systemd-udevd: uninitialized urandom read (16 bytes read, 3 bits of entropy available)
[    3.796447] random: systemd-udevd: uninitialized urandom read (16 bytes read, 3 bits of entropy available)
[    3.807483] random: systemd-udevd: uninitialized urandom read (16 bytes read, 3 bits of entropy available)
[    3.826656] random: systemd-udevd: uninitialized urandom read (16 bytes read, 3 bits of entropy available)
[    3.857007] random: udevadm: uninitialized urandom read (16 bytes read, 3 bits of entropy available)
[    3.867538] random: udevadm: uninitialized urandom read (16 bytes read, 3 bits of entropy available)
[    3.879206] random: udevadm: uninitialized urandom read (16 bytes read, 3 bits of entropy available)
[    3.982302] e1000: Intel(R) PRO/1000 Network Driver - version 7.3.21-k8-NAPI
[    3.993385] e1000: Copyright (c) 1999-2006 Intel Corporation.
[    4.008318] Fusion MPT base driver 3.04.20
[    4.017884] Copyright (c) 1999-2008 LSI Corporation
[    4.103294] AVX version of gcm_enc/dec engaged.
[    4.110732] AES CTR mode by8 optimization enabled
[    4.148822] Fusion MPT SPI Host driver 3.04.20
[    4.253006] input: ImExPS/2 Generic Explorer Mouse as /devices/platform/i8042/serio1/input/input4
[    4.579127] e1000 0000:00:03.0 eth0: (PCI:33MHz:32-bit) 02:54:ad:ea:60:2e
[    4.594828] e1000 0000:00:03.0 eth0: Intel(R) PRO/1000 Network Connection
[    4.607773] e1000 0000:00:03.0 enp0s3: renamed from eth0
[    4.618481] mptbase: ioc0: Initiating bringup
[    4.695481] ioc0: LSI53C1030 A0: Capabilities={Initiator}
[    4.865120] scsi host2: ioc0: LSI53C1030 A0, FwRev=00000000h, Ports=1, MaxQ=256, IRQ=20
[    4.934455] tsc: Refined TSC clocksource calibration: 1992.554 MHz
[    4.949274] clocksource: tsc: mask: 0xffffffffffffffff max_cycles: 0x39716892312, max_idle_ns: 881590650137 ns
[    4.999982] scsi 2:0:0:0: Direct-Access     VBOX     HARDDISK         1.0  PQ: 0 ANSI: 5
[    5.003094] scsi target2:0:0: Beginning Domain Validation
[    5.022078] scsi target2:0:0: Domain Validation skipping write tests
[    5.024385] scsi target2:0:0: Ending Domain Validation
[    5.026451] scsi target2:0:0: asynchronous
[    5.028777] scsi 2:0:1:0: Direct-Access     VBOX     HARDDISK         1.0  PQ: 0 ANSI: 5
[    5.031918] scsi target2:0:1: Beginning Domain Validation
[    5.061431] scsi target2:0:1: Domain Validation skipping write tests
[    5.063697] scsi target2:0:1: Ending Domain Validation
[    5.074051] scsi target2:0:1: asynchronous
[    5.081302] sd 2:0:0:0: Attached scsi generic sg0 type 0
[    5.083632] sd 2:0:0:0: [sda] 20971520 512-byte logical blocks: (10.7 GB/10.0 GiB)
[    5.087386] sd 2:0:1:0: [sdb] 20480 512-byte logical blocks: (10.5 MB/10.0 MiB)
[    5.104502] sd 2:0:1:0: Attached scsi generic sg1 type 0
[    5.107026] sd 2:0:0:0: [sda] Write Protect is off
[    5.109369] sd 2:0:0:0: [sda] Incomplete mode parameter data
[    5.111498] sd 2:0:0:0: [sda] Assuming drive cache: write through
[    5.122216] sd 2:0:1:0: [sdb] Write Protect is off
[    5.124280] sd 2:0:1:0: [sdb] Incomplete mode parameter data
[    5.126312] sd 2:0:1:0: [sdb] Assuming drive cache: write through
[    5.139814]  sda: sda1
[    5.141987] sd 2:0:0:0: [sda] Attached SCSI disk
[    5.228897] sd 2:0:1:0: [sdb] Attached SCSI disk
Begin: Loading essential drivers ... [    6.957635] md: linear personality registered for level -1
[    6.984567] md: multipath personality registered for level -4
[    6.998239] md: raid0 personality registered for level 0
[    7.015750] md: raid1 personality registered for level 1
[    7.090614] raid6: sse2x1   gen()  4042 MB/s
[    7.162927] raid6: sse2x1   xor()  3020 MB/s
[    7.246873] raid6: sse2x2   gen()  6112 MB/s
[    7.319129] raid6: sse2x2   xor()  4479 MB/s
[    7.386497] raid6: sse2x4   gen()  7590 MB/s
[    7.454864] raid6: sse2x4   xor()  3763 MB/s
[    7.456583] raid6: using algorithm sse2x4 gen() 7590 MB/s
[    7.465599] raid6: .... xor() 3763 MB/s, rmw enabled
[    7.467515] raid6: using ssse3x2 recovery algorithm
[    7.472513] xor: automatically using best checksumming function:
[    7.514451]    avx       :  2633.000 MB/sec
[    7.519136] async_tx: api initialized (async)
[    7.548510] md: raid6 personality registered for level 6
[    7.562063] md: raid5 personality registered for level 5
[    7.573018] md: raid4 personality registered for level 4
[    7.583772] md: raid10 personality registered for level 10
done.
Begin: Running /scripts/init-premount ... done.
Begin: Mounting root file system ... Begin: Running /scripts/local-top ... done.
Begin: Running /scripts/local-premount ... [    7.646185] Btrfs loaded
Scanning for Btrfs filesystems
done.
Warning: fsck no[    7.793461] EXT4-fs (sda1): INFO: recovery required on readonly filesystem
t present, so sk[    7.801638] EXT4-fs (sda1): write access will be enabled during recovery
ipping root file system
[    8.560274] EXT4-fs (sda1): orphan cleanup on readonly fs
[    8.669446] EXT4-fs (sda1): 6 orphan inodes deleted
[    8.677775] EXT4-fs (sda1): recovery complete
[    8.764819] EXT4-fs (sda1): mounted filesystem with ordered data mode. Opts: (null)
done.
[    8.923289] random: nonblocking pool is initialized
Begin: Running /scripts/local-bottom ... done.
Begin: Running /scripts/init-bottom ... done.
[   10.472632] systemd[1]: systemd 229 running in system mode. (+PAM +AUDIT +SELINUX +IMA +APPARMOR +SMACK +SYSVINIT +UTMP +LIBCRYPTSETUP +GCRYPT +GNUTLS +ACL +XZ -LZ4 +SECCOMP +BLKID +ELFUTILS +KMOD -IDN)
[   10.480919] systemd[1]: Detected virtualization oracle.
[   10.483889] systemd[1]: Detected architecture x86-64.

Welcome to [1mUbuntu 16.04.5 LTS[0m!

[   10.539955] systemd[1]: Set hostname to <ubuntu-xenial>.
[   12.581632] systemd[1]: Listening on Syslog Socket.
[[0;32m  OK  [0m] Listening on Syslog Socket.
[   12.599315] systemd[1]: Listening on LVM2 metadata daemon socket.
[[0;32m  OK  [0m] Listening on LVM2 metadata daemon socket.
[   12.605652] systemd[1]: Started Forward Password Requests to Wall Directory Watch.
[[0;32m  OK  [0m] Started Forward Password Requests to Wall Directory Watch.
[   12.619838] systemd[1]: Listening on /dev/initctl Compatibility Named Pipe.
[[0;32m  OK  [0m] Listening on /dev/initctl Compatibility Named Pipe.
[   12.645214] systemd[1]: Listening on LVM2 poll daemon socket.
[[0;32m  OK  [0m] Listening on LVM2 poll daemon socket.
[   12.657188] systemd[1]: Listening on udev Kernel Socket.
[[0;32m  OK  [0m] Listening on udev Kernel Socket.
[   12.669961] systemd[1]: Set up automount Arbitrary Executable File Formats File System Automount Point.
[[0;32m  OK  [0m] Set up automount Arbitrary Executab...ats File System Automount Point.
[   12.691119] systemd[1]: Listening on udev Control Socket.
[[0;32m  OK  [0m] Listening on udev Control Socket.
[   12.702067] systemd[1]: Reached target System Time Synchronized.
[[0;32m  OK  [0m] Reached target System Time Synchronized.
[   12.713979] systemd[1]: Reached target User and Group Name Lookups.
[[0;32m  OK  [0m] Reached target User and Group Name Lookups.
[   12.727303] systemd[1]: Listening on Journal Audit Socket.
[[0;32m  OK  [0m] Listening on Journal Audit Socket.
[   12.763388] systemd[1]: Started Trigger resolvconf update for networkd DNS.
[[0;32m  OK  [0m] Started Trigger resolvconf update for networkd DNS.
[   12.791701] systemd[1]: Listening on Journal Socket.
[[0;32m  OK  [0m] Listening on Journal Socket.
[   12.811701] systemd[1]: Created slice System Slice.
[[0;32m  OK  [0m] Created slice System Slice.
[   12.818994] systemd[1]: Mounting Debug File System...
         Mounting Debug File System...
[   12.852082] systemd[1]: Mounting Huge Pages File System...
         Mounting Huge Pages File System...
[   12.888254] systemd[1]: Starting Nameserver information manager...
         Starting Nameserver information manager...
[   12.921353] systemd[1]: Starting Create list of required static device nodes for the current kernel...
         Starting Create list of required st... nodes for the current kernel...
[   12.933159] systemd[1]: Starting Set console keymap...
         Starting Set console keymap...
[   12.949265] systemd[1]: Mounting POSIX Message Queue File System...
         Mounting POSIX Message Queue File System...
[   13.025224] systemd[1]: Starting Load Kernel Modules...
         Starting Load Kernel Modules...
[   13.067047] systemd[1]: Starting Uncomplicated firewall...
         Starting Uncomplicated firewall...
[   13.098199] systemd[1]: Listening on Device-mapper event daemon FIFOs.
[[0;32m  OK  [0m] Listening on Device-mapper event daemon FIFOs.
[   13.125841] systemd[1]: Reached target Swap.
[[0;32m  OK  [0m] Reached target Swap.
[   13.152191] systemd[1]: Listening on Journal Socket (/dev/log).
[[0;32m  OK  [0m] Listening on Journal Socket (/dev/log).
[   13.180341] systemd[1]: Starting Journal Service...
         Starting Journal Service...
[   13.193730] systemd[1]: Starting Monitoring of LVM2 mirrors, snapshots etc. using dmeventd or progress polling...
         Starting Monitoring of LVM2 mirrors... dmeventd or progress polling...
[   13.211790] systemd[1]: Created slice User and Session Slice.
[[0;32m  OK  [0m] Created slice User and Session Slice.
[   13.218652] systemd[1]: Reached target Slices.
[[0;32m  OK  [0m] Reached target Slices.
[   13.231261] systemd[1]: Created slice system-serial\x2dgetty.slice.
[[0;32m  OK  [0m] Created slice system-serial\x2dgetty.slice.
[   13.255926] systemd[1]: Starting Remount Root and Kernel File Systems...
         Starting Remount Root and Kernel File Systems...
[   13.302275] systemd[1]: Reached target Encrypted Volumes.
[[0;32m  OK  [0m] Reached target Encrypted Volumes.
[   13.309234] systemd[1]: Mounted Debug File System.
[[0;32m  OK  [0m] Mounted Debug File System.
[   13.319136] systemd[1]: Mounted POSIX Message Queue File System.
[   13.322115] EXT4-fs (sda1): re-mounted. Opts: (null)
[[0;32m  OK  [0m] Mounted POSIX Message Queue File System.
[   13.329571] systemd[1]: Mounted Huge Pages File System.
[[0;32m  OK  [0m] Mounted Huge Pages File System.
[   13.361241] systemd[1]: Started Create list of required static device nodes for the current kernel.
[[0;32m  OK  [0m] Started Create list of required sta...ce nodes for the current kernel.
[   13.392179] systemd[1]: Started Uncomplicated firewall.
[[0;32m  OK  [0m] Started Uncomplicated firewall.
[   13.403782] Loading iSCSI transport class v2.0-870.
[   13.407338] systemd[1]: Started Remount Root and Kernel File Systems.
[[0;32m  OK  [0m] Started Remount Root and Kernel File Systems.
[   13.427467] systemd[1]: Started Nameserver information manager.
[[0;32m  OK  [0m] Started Nameserver information manager.
[   13.559854] iscsi: registered transport (tcp)
[   13.622736] systemd[1]: Started Set console keymap.
[[0;32m  OK  [0m] Started Set console keymap.
[   13.648975] systemd[1]: Starting Load/Save Random Seed...
         Starting Load/Save Random Seed...
[   13.695819] systemd[1]: Starting udev Coldplug all Devices...
         Starting udev Coldplug all Devices...
[   13.725973] systemd[1]: Starting Create Static Device Nodes in /dev...
         Starting Create Static Device Nodes in /dev...
[   13.763019] systemd[1]: Started Journal Service.
[[0;32m  OK  [0m] Started Journal Service.
         Starting Flush Journal to Persistent Storage...
[   13.902312] systemd-journald[393]: Received request to flush runtime journal from PID 1
[[0;32m  OK  [0m] Started Load/Save Random Seed.
[[0;32m  OK  [0m] Started udev Coldplug all Devices.
[[0;32m  OK  [0m] Started Flush Journal to Persistent Storage.
[[0;32m  OK  [0m] Started LVM2 metadata daemon.
[   14.365281] iscsi: registered transport (iser)
[[0;32m  OK  [0m] Started Load Kernel Modules.
         Mounting FUSE Control File System...
         Starting Apply Kernel Variables...
[[0;32m  OK  [0m] Mounted FUSE Control File System.
[[0;32m  OK  [0m] Started Create Static Device Nodes in /dev.
         Starting udev Kernel Device Manager...
[[0;32m  OK  [0m] Started Apply Kernel Variables.
[[0;32m  OK  [0m] Started Monitoring of LVM2 mirrors,...ng dmeventd or progress polling.
[[0;32m  OK  [0m] Started udev Kernel Device Manager.
[[0;32m  OK  [0m] Reached target Local File Systems (Pre).
[[0;32m  OK  [0m] Reached target Local File Systems.
         Starting Initial cloud-init job (pre-networking)...
         Starting LSB: AppArmor initialization...
         Starting Set console font and keymap...
         Starting Create Volatile Files and Directories...
         Starting Tell Plymouth To Write Out Runtime Data...
[[0;32m  OK  [0m] Started Dispatch Password Requests to Console Directory Watch.
[[0;32m  OK  [0m] Started Tell Plymouth To Write Out Runtime Data.
[[0;32m  OK  [0m] Found device /dev/ttyS0.
[[0;32m  OK  [0m] Listening on Load/Save RF Kill Switch Status /dev/rfkill Watch.
[[0;32m  OK  [0m] Found device 82540EM Gigabit Ethern...r (PRO/1000 MT Desktop Adapter).
[[0;32m  OK  [0m] Started Create Volatile Files and Directories.
         Starting Update UTMP about System Boot/Shutdown...
[[0;32m  OK  [0m] Started Update UTMP about System Boot/Shutdown.
[[0;32m  OK  [0m] Started Set console font and keymap.
[[0;32m  OK  [0m] Created slice system-getty.slice.
[[0;32m  OK  [0m] Started LSB: AppArmor initialization.
[   21.454841] cloud-init[490]: Cloud-init v. 18.3-9-g2e62cb8a-0ubuntu1~16.04.2 running 'init-local' at Mon, 20 Aug 2018 21:05:19 +0000. Up 20.44 seconds.
[[0;32m  OK  [0m] Started Initial cloud-init job (pre-networking).
[[0;32m  OK  [0m] Reached target Network (Pre).
         Starting Raise network interfaces...
[[0;32m  OK  [0m] Started ifup for enp0s3.
[[0;32m  OK  [0m] Started Raise network interfaces.
[[0;32m  OK  [0m] Reached target Network.
         Starting Initial cloud-init job (metadata service crawler)...
[   23.927489] cloud-init[992]: Cloud-init v. 18.3-9-g2e62cb8a-0ubuntu1~16.04.2 running 'init' at Mon, 20 Aug 2018 21:05:21 +0000. Up 22.64 seconds.
[   23.947250] cloud-init[992]: ci-info: ++++++++++++++++++++++++++++++++++++++Net device info++++++++++++++++++++++++++++++++++++++
[   23.953070] cloud-init[992]: ci-info: +--------+------+----------------------------+---------------+--------+-------------------+
[   23.970684] cloud-init[992]: ci-info: | Device |  Up  |          Address           |      Mask     | Scope  |     Hw-Address    |
[   23.987414] cloud-init[992]: ci-info: +--------+------+----------------------------+---------------+--------+-------------------+
[   23.996401] cloud-init[992]: ci-info: | enp0s3 | True |         10.0.2.15          | 255.255.255.0 | global | 02:54:ad:ea:60:2e |
[   24.013589] cloud-init[992]: ci-info: | enp0s3 | True | fe80::54:adff:feea:602e/64 |       .       |  link  | 02:54:ad:ea:60:2e |
[   24.033001] cloud-init[992]: ci-info: |   lo   | True |         127.0.0.1          |   255.0.0.0   |  host  |         .         |
[   24.045613] cloud-init[992]: ci-info: |   lo   | True |          ::1/128           |       .       |  host  |         .         |
[[0;32m  OK  [0m[   24.060746] cloud-init[992]: ci-info: +--------+------+----------------------------+---------------+--------+-------------------+
[   24.061320] cloud-init[992]: ci-info: +++++++++++++++++++++++++++Route IPv4 info++++++++++++++++++++++++++++
[   24.061471] cloud-init[992]: ci-info: +-------+-------------+----------+---------------+-----------+-------+
[   24.061613] cloud-init[992]: ci-info: | Route | Destination | Gateway  |    Genmask    | Interface | Flags |
[   24.061757] cloud-init[992]: ci-info: +-------+-------------+----------+---------------+-----------+-------+
[   24.061895] cloud-init[992]: ci-info: |   0   |   0.0.0.0   | 10.0.2.2 |    0.0.0.0    |   enp0s3  |   UG  |
[   24.062054] cloud-init[992]: ci-info: |   1   |   10.0.2.0  | 0.0.0.0  | 255.255.255.0 |   enp0s3  |   U   |
[   24.062206] cloud-init[992]: ci-info: +-------+-------------+----------+---------------+-----------+-------+
[   24.062349] cloud-init[992]: ci-info: +++++++++++++++++++Route IPv6 info+++++++++++++++++++
[   24.062490] cloud-init[992]: ci-info: +-------+-------------+---------+-----------+-------+
[   24.062630] cloud-init[992]: ci-info: | Route | Destination | Gateway | Interface | Flags |
[   24.062771] cloud-init[992]: ci-info: +-------+-------------+---------+-----------+-------+
[   24.062912] cloud-init[992]: ci-info: |   0   |  fe80::/64  |    ::   |   enp0s3  |   U   |
[   24.063106] cloud-init[992]: ci-info: |   3   |   ff00::/8  |    ::   |   enp0s3  |   U   |
[   24.063254] cloud-init[992]: ci-info: +-------+-------------+---------+-----------+-------+
] Started Initial cloud-init job (metadata service crawler).
[[0;32m  OK  [0m] Reached target System Initialization.
[[0;32m  OK  [0m] Listening on UUID daemon activation socket.
         Starting LXD - unix socket.
[[0;32m  OK  [0m] Listening on ACPID Listen Socket.
         Starting Socket activation for snappy daemon.
[[0;32m  OK  [0m] Started Daily apt download activities.
[[0;32m  OK  [0m] Started Daily apt upgrade and clean activities.
[[0;32m  OK  [0m] Started Daily Cleanup of Temporary Directories.
[[0;32m  OK  [0m] Reached target Timers.
[[0;32m  OK  [0m] Started ACPI Events Check.
[[0;32m  OK  [0m] Reached target Paths.
[[0;32m  OK  [0m] Listening on D-Bus System Message Bus Socket.
[[0;32m  OK  [0m] Reached target Cloud-config availability.
[[0;32m  OK  [0m] Reached target Network is Online.
         Starting iSCSI initiator daemon (iscsid)...
[[0;32m  OK  [0m] Listening on LXD - unix socket.
[[0;32m  OK  [0m] Listening on Socket activation for snappy daemon.
[[0;32m  OK  [0m] Reached target Sockets.
[[0;32m  OK  [0m] Reached target Basic System.
         Starting The PHP 7.0 FastCGI Process Manager...
         Starting Snappy daemon...
[[0;32m  OK  [0m] Started D-Bus System Message Bus.
[[0;32m  OK  [0m] Started ACPI event daemon.
[[0;32m  OK  [0m] Started FUSE filesystem for LXC.
[[0;32m  OK  [0m] Started Unattended Upgrades Shutdown.
         Starting /etc/rc.local Compatibility...
         Starting System Logging Service...
         Starting LSB: Record successful boot for GRUB...
         Starting Accounts Service...
         Starting A high performance web server and a reverse proxy server...
[[0;32m  OK  [0m] Started Deferred execution scheduler.
         Starting LSB: MD monitoring daemon...
         Starting OpenBSD Secure Shell server...
         Starting Virtualbox guest utils...
         Starting Login Service...
         Starting LXD - container startup/shutdown...
         Starting MySQL Community Server...
[[0;32m  OK  [0m] Started Regular background program processing daemon.
[[0;32m  OK  [0m] Started /etc/rc.local Compatibility.
[[0;32m  OK  [0m] Started Login Service.
[[0;32m  OK  [0m] Started LSB: Record successful boot for GRUB.
[[0;32m  OK  [0m] Started iSCSI initiator daemon (iscsid).
         Starting Login to default iSCSI targets...
[[0;32m  OK  [0m] Started LSB: MD monitoring daemon.
[[0;32m  OK  [0m] Started Login to default iSCSI targets.
[[0;32m  OK  [0m] Reached target Remote File Systems (Pre).
[[0;32m  OK  [0m] Reached target Remote File Systems.
         Starting LSB: Set the CPU Frequency Scaling governor to "ondemand"...
         Starting LSB: daemon to balance interrupts for SMP systems...
         Starting Permit User Sessions...
         Starting LSB: automatic crash report generation...
[[0;32m  OK  [0m] Started LSB: Set the CPU Frequency Scaling governor to "ondemand".
[[0;32m  OK  [0m] Started Permit User Sessions.
         Starting Terminate Plymouth Boot Screen...
         Starting Hold until boot process finishes up...
[[0;32m  OK  [0m] Started Terminate Plymouth Boot Screen.
[[0;32m  OK  [0m] Started Hold until boot process finishes up.
         Starting Set console scheme...
[[0;32m  OK  [0m] Started Serial Getty on ttyS0.
[[0;32m  OK  [0m] Started Getty on tty1.
[[0;32m  OK  [0m] Reached target Login Prompts.
[[0;32m  OK  [0m] Started LSB: daemon to balance interrupts for SMP systems.
[[0;32m  OK  [0m] Started Set console scheme.
[[0;32m  OK  [0m] Started LSB: automatic crash report generation.
[[0;32m  OK  [0m] Started OpenBSD Secure Shell server.
         Starting Authenticate and Authorize Users to Run Privileged Tasks...
[[0;32m  OK  [0m] Started Virtualbox guest utils.
[[0;32m  OK  [0m] Started System Logging Service.
[[0;32m  OK  [0m] Started Authenticate and Authorize Users to Run Privileged Tasks.
[[0;32m  OK  [0m] Started Accounts Service.
[[0;32m  OK  [0m] Created slice User Slice of vagrant.
         Starting User Manager for UID 1000...
[[0;32m  OK  [0m] Started Session 1 of user vagrant.
[[0;32m  OK  [0m] Started User Manager for UID 1000.
[[0;32m  OK  [0m] Started Snappy daemon.
         Starting Wait until snapd is fully seeded...
[[0;32m  OK  [0m] Started Wait until snapd is fully seeded.
         Starting Apply the settings specified in cloud-config...
[   34.033445] cloud-init[1299]: Cloud-init v. 18.3-9-g2e62cb8a-0ubuntu1~16.04.2 running 'modules:config' at Mon, 20 Aug 2018 21:05:32 +0000. Up 32.88 seconds.

Ubuntu 16.04.5 LTS ubuntu-xenial ttyS0

ubuntu-xenial login: [   50.917204] cloud-init[1732]: Cloud-init v. 18.3-9-g2e62cb8a-0ubuntu1~16.04.2 running 'modules:final' at Mon, 20 Aug 2018 21:05:49 +0000. Up 50.51 seconds.
[   50.917972] cloud-init[1732]: Cloud-init v. 18.3-9-g2e62cb8a-0ubuntu1~16.04.2 finished at Mon, 20 Aug 2018 21:05:50 +0000. Datasource DataSourceNoCloud [seed=/dev/sdb][dsmode=net].  Up 50.90 seconds
